04-May-2022 22:25:51.964 INFO [main] org.apache.catalina.startup.VersionLoggerListener.log 서버 버전 이름:    Apache Tomcat/8.5.78
04-May-2022 22:25:51.971 INFO [main] org.apache.catalina.startup.VersionLoggerListener.log Server 빌드 시각:  Mar 31 2022 16:05:28 UTC
04-May-2022 22:25:51.971 INFO [main] org.apache.catalina.startup.VersionLoggerListener.log Server 버전 번호:  8.5.78.0
04-May-2022 22:25:51.971 INFO [main] org.apache.catalina.startup.VersionLoggerListener.log 운영체제 이름:     Windows 10
04-May-2022 22:25:51.972 INFO [main] org.apache.catalina.startup.VersionLoggerListener.log 운영체제 버전:     10.0
04-May-2022 22:25:51.972 INFO [main] org.apache.catalina.startup.VersionLoggerListener.log 아키텍처:          amd64
04-May-2022 22:25:51.972 INFO [main] org.apache.catalina.startup.VersionLoggerListener.log 자바 홈:           C:\Program Files\Java\jdk-11.0.14
04-May-2022 22:25:51.972 INFO [main] org.apache.catalina.startup.VersionLoggerListener.log JVM 버전:          11.0.14+8-LTS-263
04-May-2022 22:25:51.972 INFO [main] org.apache.catalina.startup.VersionLoggerListener.log JVM 벤더:          Oracle Corporation
04-May-2022 22:25:51.972 INFO [main] org.apache.catalina.startup.VersionLoggerListener.log CATALINA_BASE:     C:\JSP\apache-tomcat-8.5.78
04-May-2022 22:25:51.972 INFO [main] org.apache.catalina.startup.VersionLoggerListener.log CATALINA_HOME:     C:\JSP\apache-tomcat-8.5.78
04-May-2022 22:25:51.973 INFO [main] org.apache.catalina.startup.VersionLoggerListener.log 명령 행 아규먼트:  --add-opens=java.base/java.lang=ALL-UNNAMED
04-May-2022 22:25:51.973 INFO [main] org.apache.catalina.startup.VersionLoggerListener.log 명령 행 아규먼트:  --add-opens=java.base/java.io=ALL-UNNAMED
04-May-2022 22:25:51.974 INFO [main] org.apache.catalina.startup.VersionLoggerListener.log 명령 행 아규먼트:  --add-opens=java.base/java.util=ALL-UNNAMED
04-May-2022 22:25:51.974 INFO [main] org.apache.catalina.startup.VersionLoggerListener.log 명령 행 아규먼트:  --add-opens=java.base/java.util.concurrent=ALL-UNNAMED
04-May-2022 22:25:51.975 INFO [main] org.apache.catalina.startup.VersionLoggerListener.log 명령 행 아규먼트:  --add-opens=java.rmi/sun.rmi.transport=ALL-UNNAMED
04-May-2022 22:25:51.975 INFO [main] org.apache.catalina.startup.VersionLoggerListener.log 명령 행 아규먼트:  -Djava.util.logging.config.file=C:\JSP\apache-tomcat-8.5.78\conf\logging.properties
04-May-2022 22:25:51.975 INFO [main] org.apache.catalina.startup.VersionLoggerListener.log 명령 행 아규먼트:  -Djava.util.logging.manager=org.apache.juli.ClassLoaderLogManager
04-May-2022 22:25:51.976 INFO [main] org.apache.catalina.startup.VersionLoggerListener.log 명령 행 아규먼트:  -Djdk.tls.ephemeralDHKeySize=2048
04-May-2022 22:25:51.976 INFO [main] org.apache.catalina.startup.VersionLoggerListener.log 명령 행 아규먼트:  -Djava.protocol.handler.pkgs=org.apache.catalina.webresources
04-May-2022 22:25:51.976 INFO [main] org.apache.catalina.startup.VersionLoggerListener.log 명령 행 아규먼트:  -Dignore.endorsed.dirs=
04-May-2022 22:25:51.977 INFO [main] org.apache.catalina.startup.VersionLoggerListener.log 명령 행 아규먼트:  -Dcatalina.base=C:\JSP\apache-tomcat-8.5.78
04-May-2022 22:25:51.977 INFO [main] org.apache.catalina.startup.VersionLoggerListener.log 명령 행 아규먼트:  -Dcatalina.home=C:\JSP\apache-tomcat-8.5.78
04-May-2022 22:25:51.977 INFO [main] org.apache.catalina.startup.VersionLoggerListener.log 명령 행 아규먼트:  -Djava.io.tmpdir=C:\JSP\apache-tomcat-8.5.78\temp
04-May-2022 22:25:51.978 INFO [main] org.apache.catalina.core.AprLifecycleListener.lifecycleEvent APR 버전 [1.7.0]을(를) 사용한, APR 기반 Apache Tomcat Native 라이브러리 [1.2.32]을(를) 로드했습니다.
04-May-2022 22:25:51.979 INFO [main] org.apache.catalina.core.AprLifecycleListener.lifecycleEvent APR 용량정보들: IPv6 [true], sendfile [true], accept filters [false], random [true], UDS [{4}].
04-May-2022 22:25:51.979 INFO [main] org.apache.catalina.core.AprLifecycleListener.lifecycleEvent APR/OpenSSL 설정: useAprConnector [false], useOpenSSL [true]
04-May-2022 22:25:51.985 INFO [main] org.apache.catalina.core.AprLifecycleListener.initializeSSL OpenSSL이 성공적으로 초기화되었습니다: [OpenSSL 1.1.1n  15 Mar 2022]
04-May-2022 22:25:52.016 INFO [main] org.apache.coyote.AbstractProtocol.init 프로토콜 핸들러 ["http-nio-8080"]을(를) 초기화합니다.
04-May-2022 22:25:52.035 INFO [main] org.apache.catalina.startup.Catalina.load Initialization processed in 379 ms
04-May-2022 22:25:52.078 INFO [main] org.apache.catalina.core.StandardService.startInternal 서비스 [Catalina]을(를) 시작합니다.
04-May-2022 22:25:52.080 INFO [main] org.apache.catalina.core.StandardEngine.startInternal 서버 엔진을 시작합니다: [Apache Tomcat/8.5.78]
04-May-2022 22:25:52.090 INFO [localhost-startStop-1] org.apache.catalina.startup.HostConfig.deployDirectory 웹 애플리케이션 디렉토리 [C:\JSP\apache-tomcat-8.5.78\webapps\docs]을(를) 배치합니다.
04-May-2022 22:25:52.356 INFO [localhost-startStop-1] org.apache.catalina.startup.HostConfig.deployDirectory 웹 애플리케이션 디렉토리 [C:\JSP\apache-tomcat-8.5.78\webapps\docs]에 대한 배치가 [264] 밀리초에 완료되었습니다.
04-May-2022 22:25:52.361 INFO [localhost-startStop-1] org.apache.catalina.startup.HostConfig.deployDirectory 웹 애플리케이션 디렉토리 [C:\JSP\apache-tomcat-8.5.78\webapps\examples]을(를) 배치합니다.
04-May-2022 22:25:52.573 INFO [localhost-startStop-1] org.apache.catalina.startup.HostConfig.deployDirectory 웹 애플리케이션 디렉토리 [C:\JSP\apache-tomcat-8.5.78\webapps\examples]에 대한 배치가 [212] 밀리초에 완료되었습니다.
04-May-2022 22:25:52.576 INFO [localhost-startStop-1] org.apache.catalina.startup.HostConfig.deployDirectory 웹 애플리케이션 디렉토리 [C:\JSP\apache-tomcat-8.5.78\webapps\host-manager]을(를) 배치합니다.
04-May-2022 22:25:52.605 INFO [localhost-startStop-1] org.apache.catalina.startup.HostConfig.deployDirectory 웹 애플리케이션 디렉토리 [C:\JSP\apache-tomcat-8.5.78\webapps\host-manager]에 대한 배치가 [30] 밀리초에 완료되었습니다.
04-May-2022 22:25:52.607 INFO [localhost-startStop-1] org.apache.catalina.startup.HostConfig.deployDirectory 웹 애플리케이션 디렉토리 [C:\JSP\apache-tomcat-8.5.78\webapps\manager]을(를) 배치합니다.
04-May-2022 22:25:52.629 INFO [localhost-startStop-1] org.apache.catalina.startup.HostConfig.deployDirectory 웹 애플리케이션 디렉토리 [C:\JSP\apache-tomcat-8.5.78\webapps\manager]에 대한 배치가 [23] 밀리초에 완료되었습니다.
04-May-2022 22:25:52.630 INFO [localhost-startStop-1] org.apache.catalina.startup.HostConfig.deployDirectory 웹 애플리케이션 디렉토리 [C:\JSP\apache-tomcat-8.5.78\webapps\ROOT]을(를) 배치합니다.
04-May-2022 22:25:52.647 INFO [localhost-startStop-1] org.apache.catalina.startup.HostConfig.deployDirectory 웹 애플리케이션 디렉토리 [C:\JSP\apache-tomcat-8.5.78\webapps\ROOT]에 대한 배치가 [17] 밀리초에 완료되었습니다.
04-May-2022 22:25:52.650 INFO [main] org.apache.coyote.AbstractProtocol.start 프로토콜 핸들러 ["http-nio-8080"]을(를) 시작합니다.
04-May-2022 22:25:52.718 INFO [main] org.apache.catalina.startup.Catalina.start Server startup in 683 ms
